{"level":"warn","message":"TELEGRAM_BOT_TOKEN is missing. Telegram bot service will not start. Please set it in .env","timestamp":"2026-06-15 15:03:26"}
{"level":"info","message":"Backend API server running on port 5000","timestamp":"2026-06-15 15:03:26"}
{"level":"error","message":"Unhandled request error: PrismaClientInitializationError: \nInvalid `prisma.admin.findUnique()` invocation in\n/home/identitynull/Documents/IT/Future/pdf-maker-bot/backend/controllers/authController.js:14:38\n\n  11 }\n  12 \n  13 try {\n→ 14   const admin = await prisma.admin.findUnique(\nerror: Environment variable not found: DATABASE_URL.\n  -->  schema.prisma:3\n   | \n 2 |   provider = \"mongodb\"\n 3 |   url      = env(\"DATABASE_URL\")\n   | \n\nValidation Error Count: 1\n    at $n.handleRequestError (/home/identitynull/Documents/IT/Future/pdf-maker-bot/backend/node_modules/@prisma/client/runtime/library.js:121:7615)\n    at $n.handleAndLogRequestError (/home/identitynull/Documents/IT/Future/pdf-maker-bot/backend/node_modules/@prisma/client/runtime/library.js:121:6623)\n    at $n.request (/home/identitynull/Documents/IT/Future/pdf-maker-bot/backend/node_modules/@prisma/client/runtime/library.js:121:6307)\n    at async l (/home/identitynull/Documents/IT/Future/pdf-maker-bot/backend/node_modules/@prisma/client/runtime/library.js:130:9633)\n    at async login (/home/identitynull/Documents/IT/Future/pdf-maker-bot/backend/controllers/authController.js:14:19) {\n  clientVersion: '5.22.0',\n  errorCode: undefined\n}","timestamp":"2026-06-15 15:03:34"}
{"level":"info","message":"\u001b[0mPOST /api/auth/login \u001b[31m500\u001b[0m 21.165 ms - 463\u001b[0m","timestamp":"2026-06-15 15:03:34"}
{"level":"error","message":"Unhandled request error: PrismaClientInitializationError: \nInvalid `prisma.admin.findUnique()` invocation in\n/home/identitynull/Documents/IT/Future/pdf-maker-bot/backend/controllers/authController.js:14:38\n\n  11 }\n  12 \n  13 try {\n→ 14   const admin = await prisma.admin.findUnique(\nerror: Environment variable not found: DATABASE_URL.\n  -->  schema.prisma:3\n   | \n 2 |   provider = \"mongodb\"\n 3 |   url      = env(\"DATABASE_URL\")\n   | \n\nValidation Error Count: 1\n    at $n.handleRequestError (/home/identitynull/Documents/IT/Future/pdf-maker-bot/backend/node_modules/@prisma/client/runtime/library.js:121:7615)\n    at $n.handleAndLogRequestError (/home/identitynull/Documents/IT/Future/pdf-maker-bot/backend/node_modules/@prisma/client/runtime/library.js:121:6623)\n    at $n.request (/home/identitynull/Documents/IT/Future/pdf-maker-bot/backend/node_modules/@prisma/client/runtime/library.js:121:6307)\n    at async l (/home/identitynull/Documents/IT/Future/pdf-maker-bot/backend/node_modules/@prisma/client/runtime/library.js:130:9633)\n    at async login (/home/identitynull/Documents/IT/Future/pdf-maker-bot/backend/controllers/authController.js:14:19) {\n  clientVersion: '5.22.0',\n  errorCode: undefined\n}","timestamp":"2026-06-15 15:03:35"}
{"level":"info","message":"\u001b[0mPOST /api/auth/login \u001b[31m500\u001b[0m 9.410 ms - 463\u001b[0m","timestamp":"2026-06-15 15:03:35"}
{"level":"info","message":"Shutting down server gracefully...","timestamp":"2026-06-15 15:03:40"}
{"level":"warn","message":"TELEGRAM_BOT_TOKEN is missing. Telegram bot service will not start. Please set it in .env","timestamp":"2026-06-15 15:19:11"}
{"level":"info","message":"Backend API server running on port 5000","timestamp":"2026-06-15 15:19:11"}
{"level":"info","message":"Shutting down server gracefully...","timestamp":"2026-06-15 15:19:27"}
{"level":"warn","message":"TELEGRAM_BOT_TOKEN is missing. Telegram bot service will not start. Please set it in .env","timestamp":"2026-06-15 15:19:32"}
{"level":"info","message":"Backend API server running on port 5000","timestamp":"2026-06-15 15:19:32"}
{"level":"info","message":"Backend API server running on port 5000","timestamp":"2026-06-15 15:20:16"}
{"level":"error","message":"Failed to launch Telegraf Bot: FetchError: request to https://api.telegram.org/bot8906906780:[REDACTED]/getMe failed, reason: \n    at ClientRequest.<anonymous> (/home/identitynull/Documents/IT/Future/pdf-maker-bot/backend/node_modules/node-fetch/lib/index.js:1501:11)\n    at ClientRequest.emit (node:events:518:28)\n    at emitErrorEvent (node:_http_client:104:11)\n    at TLSSocket.socketErrorListener (node:_http_client:518:5)\n    at TLSSocket.emit (node:events:518:28)\n    at emitErrorNT (node:internal/streams/destroy:170:8)\n    at emitErrorCloseNT (node:internal/streams/destroy:129:3)\n    at process.processTicksAndRejections (node:internal/process/task_queues:90:21) {\n  type: 'system',\n  errno: 'ETIMEDOUT',\n  code: 'ETIMEDOUT'\n}","timestamp":"2026-06-15 15:20:16"}
{"level":"info","message":"Shutting down server gracefully...","timestamp":"2026-06-15 15:21:39"}
{"level":"info","message":"Backend API server running on port 5000","timestamp":"2026-06-15 15:21:41"}
{"level":"info","message":"New user registered: IdentityNull","timestamp":"2026-06-15 15:22:07"}
{"level":"info","message":"Generating presentation structure. Topic: \"Will AI Replace Human Jobs?\", Provider: local, Count: 10","timestamp":"2026-06-15 15:23:33"}
{"level":"info","message":"Using local fallback generation.","timestamp":"2026-06-15 15:23:33"}
{"level":"info","message":"Generating PDF for presentation: 6a2fd2a64d5369c38bf09769","timestamp":"2026-06-15 15:24:14"}
{"level":"info","message":"Generating PPTX for presentation: 6a2fd2a64d5369c38bf09769","timestamp":"2026-06-15 15:24:57"}
{"level":"info","message":"Admin logged in successfully: admin","timestamp":"2026-06-15 15:25:43"}
{"level":"info","message":"\u001b[0mPOST /api/auth/login \u001b[32m200\u001b[0m 479.025 ms - 269\u001b[0m","timestamp":"2026-06-15 15:25:43"}
{"level":"info","message":"\u001b[0mGET /api/admin/dashboard/stats \u001b[32m200\u001b[0m 2548.189 ms - 180\u001b[0m","timestamp":"2026-06-15 15:25:45"}
{"level":"info","message":"\u001b[0mGET /api/admin/dashboard/stats \u001b[36m304\u001b[0m 2794.976 ms - -\u001b[0m","timestamp":"2026-06-15 15:25:48"}
{"level":"info","message":"\u001b[0mGET /api/admin/dashboard/logs?limit=15 \u001b[32m200\u001b[0m 2787.180 ms - 585\u001b[0m","timestamp":"2026-06-15 15:25:48"}
{"level":"info","message":"\u001b[0mGET /api/admin/dashboard/logs?limit=15 \u001b[36m304\u001b[0m 877.238 ms - -\u001b[0m","timestamp":"2026-06-15 15:25:49"}
{"level":"info","message":"\u001b[0mGET /api/users?search=&filter=all&page=1 \u001b[32m200\u001b[0m 712.282 ms - 368\u001b[0m","timestamp":"2026-06-15 15:26:02"}
{"level":"info","message":"\u001b[0mGET /api/users?search=&filter=all&page=1 \u001b[36m304\u001b[0m 716.582 ms - -\u001b[0m","timestamp":"2026-06-15 15:26:02"}
{"level":"info","message":"Generating PPTX for presentation: 6a2fd2a64d5369c38bf09769","timestamp":"2026-06-15 15:30:18"}
{"level":"info","message":"Backend API server running on port 5000","timestamp":"2026-06-15 15:51:44"}
{"level":"error","message":"Telegraf launch failed: FetchError: request to https://api.telegram.org/bot8906906780:[REDACTED]/getMe failed, reason: \n    at ClientRequest.<anonymous> (/home/identitynull/Documents/IT/Future/presention-bot/backend/node_modules/node-fetch/lib/index.js:1501:11)\n    at ClientRequest.emit (node:events:518:28)\n    at emitErrorEvent (node:_http_client:104:11)\n    at TLSSocket.socketErrorListener (node:_http_client:518:5)\n    at TLSSocket.emit (node:events:518:28)\n    at emitErrorNT (node:internal/streams/destroy:170:8)\n    at emitErrorCloseNT (node:internal/streams/destroy:129:3)\n    at process.processTicksAndRejections (node:internal/process/task_queues:90:21) {\n  type: 'system',\n  errno: 'ETIMEDOUT',\n  code: 'ETIMEDOUT'\n}","timestamp":"2026-06-15 15:51:45"}
{"level":"info","message":"MongoDB connected successfully via Mongoose!","timestamp":"2026-06-15 15:51:54"}
{"level":"warn","message":"Cloudinary environment keys are missing. Uploads will fall back to local data URIs.","timestamp":"2026-06-15 15:52:05"}
{"level":"info","message":"Backend API server running on port 5001","timestamp":"2026-06-15 15:53:30"}
{"level":"error","message":"Telegraf launch failed: FetchError: request to https://api.telegram.org/bot8906906780:[REDACTED]/getMe failed, reason: \n    at ClientRequest.<anonymous> (/home/identitynull/Documents/IT/Future/presention-bot/backend/node_modules/node-fetch/lib/index.js:1501:11)\n    at ClientRequest.emit (node:events:518:28)\n    at emitErrorEvent (node:_http_client:104:11)\n    at TLSSocket.socketErrorListener (node:_http_client:518:5)\n    at TLSSocket.emit (node:events:518:28)\n    at emitErrorNT (node:internal/streams/destroy:170:8)\n    at emitErrorCloseNT (node:internal/streams/destroy:129:3)\n    at process.processTicksAndRejections (node:internal/process/task_queues:90:21) {\n  type: 'system',\n  errno: 'ETIMEDOUT',\n  code: 'ETIMEDOUT'\n}","timestamp":"2026-06-15 15:53:30"}
{"level":"info","message":"MongoDB connected successfully via Mongoose!","timestamp":"2026-06-15 15:53:34"}
{"level":"warn","message":"Cloudinary environment keys are missing. Uploads will fall back to local data URIs.","timestamp":"2026-06-15 15:53:54"}
{"level":"info","message":"Backend API server running on port 5001","timestamp":"2026-06-15 16:02:02"}
{"level":"info","message":"MongoDB connected successfully via Mongoose!","timestamp":"2026-06-15 16:02:06"}
{"level":"warn","message":"Cloudinary environment keys are missing. Uploads will fall back to local data URIs.","timestamp":"2026-06-15 16:02:11"}
{"level":"info","message":"Shutting down server gracefully...","timestamp":"2026-06-15 16:03:00"}
{"level":"info","message":"Backend API server running on port 5001","timestamp":"2026-06-15 16:03:02"}
{"level":"info","message":"MongoDB connected successfully via Mongoose!","timestamp":"2026-06-15 16:03:06"}
{"level":"warn","message":"Cloudinary environment keys are missing. Uploads will fall back to local data URIs.","timestamp":"2026-06-15 16:03:17"}
{"level":"info","message":"Backend API server running on port 5001","timestamp":"2026-06-15 16:09:16"}
{"level":"info","message":"MongoDB connected successfully via Mongoose!","timestamp":"2026-06-15 16:09:26"}
{"level":"warn","message":"Cloudinary environment keys are missing. Uploads will fall back to local data URIs.","timestamp":"2026-06-15 16:09:29"}
{"level":"info","message":"New user registered: IdentityNull","timestamp":"2026-06-15 16:09:30"}
{"level":"error","message":"Failed to log system event to Analytics collection: ValidationError: Analytics validation failed: type: `user_registration` is not a valid enum value for path `type`.\n    at model.validate (/home/identitynull/Documents/IT/Future/presention-bot/backend/node_modules/mongoose/lib/document.js:2864:36)\n    at process.processTicksAndRejections (node:internal/process/task_queues:105:5)\n    at async model.$__save (/home/identitynull/Documents/IT/Future/presention-bot/backend/node_modules/mongoose/lib/model.js:398:7)\n    at async maybeTracedSave (/home/identitynull/Documents/IT/Future/presention-bot/backend/node_modules/mongoose/lib/model.js:674:7)\n    at async Function.create (/home/identitynull/Documents/IT/Future/presention-bot/backend/node_modules/mongoose/lib/model.js:2762:5)\n    at async logSystemEvent (/home/identitynull/Documents/IT/Future/presention-bot/backend/services/dbService.js:28:5)\n    at async /home/identitynull/Documents/IT/Future/presention-bot/backend/services/botService.js:44:9\n    at async execute (/home/identitynull/Documents/IT/Future/presention-bot/backend/node_modules/telegraf/lib/composer.js:518:17)\n    at async /home/identitynull/Documents/IT/Future/presention-bot/backend/node_modules/telegraf/lib/composer.js:519:21\n    at async execute (/home/identitynull/Documents/IT/Future/presention-bot/backend/node_modules/telegraf/lib/composer.js:518:17) {\n  errors: {\n    type: ValidatorError: `user_registration` is not a valid enum value for path `type`.\n        at SchemaString.doValidate (/home/identitynull/Documents/IT/Future/presention-bot/backend/node_modules/mongoose/lib/schemaType.js:1515:13)\n        at model.validate (/home/identitynull/Documents/IT/Future/presention-bot/backend/node_modules/mongoose/lib/document.js:2842:20)\n        at process.processTicksAndRejections (node:internal/process/task_queues:105:5)\n        at async model.$__save (/home/identitynull/Documents/IT/Future/presention-bot/backend/node_modules/mongoose/lib/model.js:398:7)\n        at async maybeTracedSave (/home/identitynull/Documents/IT/Future/presention-bot/backend/node_modules/mongoose/lib/model.js:674:7)\n        at async Function.create (/home/identitynull/Documents/IT/Future/presention-bot/backend/node_modules/mongoose/lib/model.js:2762:5)\n        at async logSystemEvent (/home/identitynull/Documents/IT/Future/presention-bot/backend/services/dbService.js:28:5)\n        at async /home/identitynull/Documents/IT/Future/presention-bot/backend/services/botService.js:44:9\n        at async execute (/home/identitynull/Documents/IT/Future/presention-bot/backend/node_modules/telegraf/lib/composer.js:518:17)\n        at async /home/identitynull/Documents/IT/Future/presention-bot/backend/node_modules/telegraf/lib/composer.js:519:21 {\n      properties: [Object],\n      kind: 'enum',\n      path: 'type',\n      value: 'user_registration',\n      reason: undefined,\n      [Symbol(mongoose#validatorError)]: true\n    }\n  },\n  _message: 'Analytics validation failed'\n}","timestamp":"2026-06-15 16:09:30"}
{"level":"info","message":"Backend API server running on port 5001","timestamp":"2026-06-15 16:10:28"}
{"level":"error","message":"Failed to launch Telegram Bot: FetchError: request to https://api.telegram.org/bot8906906780:[REDACTED]/getMe failed, reason: \n    at ClientRequest.<anonymous> (/home/identitynull/Documents/IT/Future/presention-bot/backend/node_modules/node-fetch/lib/index.js:1501:11)\n    at ClientRequest.emit (node:events:518:28)\n    at emitErrorEvent (node:_http_client:104:11)\n    at TLSSocket.socketErrorListener (node:_http_client:518:5)\n    at TLSSocket.emit (node:events:518:28)\n    at emitErrorNT (node:internal/streams/destroy:170:8)\n    at emitErrorCloseNT (node:internal/streams/destroy:129:3)\n    at process.processTicksAndRejections (node:internal/process/task_queues:90:21) {\n  type: 'system',\n  errno: 'ETIMEDOUT',\n  code: 'ETIMEDOUT'\n}","timestamp":"2026-06-15 16:10:29"}
{"level":"info","message":"MongoDB connected successfully via Mongoose!","timestamp":"2026-06-15 16:10:33"}
{"level":"warn","message":"Cloudinary environment keys are missing. Uploads will fall back to local data URIs.","timestamp":"2026-06-15 16:10:38"}
{"level":"info","message":"Backend API server running on port 5001","timestamp":"2026-06-15 16:16:46"}
{"level":"error","message":"Error configuring Cloudinary: MongooseError: Operation `settings.find()` buffering timed out after 10000ms\n    at Timeout._onTimeout (/home/identitynull/Documents/IT/Future/presention-bot/backend/node_modules/mongoose/lib/drivers/node-mongodb-native/collection.js:142:25)\n    at listOnTimeout (node:internal/timers:588:17)\n    at process.processTimers (node:internal/timers:523:7)","timestamp":"2026-06-15 16:16:56"}
{"level":"info","message":"Shutting down server gracefully...","timestamp":"2026-06-15 16:17:03"}
{"level":"info","message":"Backend API server running on port 5001","timestamp":"2026-06-15 16:17:05"}
{"level":"error","message":"Failed to launch Telegram Bot: FetchError: request to https://api.telegram.org/bot8906906780:[REDACTED]/getMe failed, reason: \n    at ClientRequest.<anonymous> (/home/identitynull/Documents/IT/Future/presention-bot/backend/node_modules/node-fetch/lib/index.js:1501:11)\n    at ClientRequest.emit (node:events:518:28)\n    at emitErrorEvent (node:_http_client:104:11)\n    at TLSSocket.socketErrorListener (node:_http_client:518:5)\n    at TLSSocket.emit (node:events:518:28)\n    at emitErrorNT (node:internal/streams/destroy:170:8)\n    at emitErrorCloseNT (node:internal/streams/destroy:129:3)\n    at process.processTicksAndRejections (node:internal/process/task_queues:90:21) {\n  type: 'system',\n  errno: 'ETIMEDOUT',\n  code: 'ETIMEDOUT'\n}","timestamp":"2026-06-15 16:17:05"}
{"level":"error","message":"Error configuring Cloudinary: MongooseError: Operation `settings.find()` buffering timed out after 10000ms\n    at Timeout._onTimeout (/home/identitynull/Documents/IT/Future/presention-bot/backend/node_modules/mongoose/lib/drivers/node-mongodb-native/collection.js:142:25)\n    at listOnTimeout (node:internal/timers:588:17)\n    at process.processTimers (node:internal/timers:523:7)","timestamp":"2026-06-15 16:17:15"}
{"level":"error","message":"Failed to connect to MongoDB: MongooseServerSelectionError: Could not connect to any servers in your MongoDB Atlas cluster. One common reason is that you're trying to access the database from an IP that isn't whitelisted. Make sure your current IP address is on your Atlas cluster's IP whitelist: https://www.mongodb.com/docs/atlas/security-whitelist/\n    at _handleConnectionErrors (/home/identitynull/Documents/IT/Future/presention-bot/backend/node_modules/mongoose/lib/connection.js:1180:11)\n    at NativeConnection.openUri (/home/identitynull/Documents/IT/Future/presention-bot/backend/node_modules/mongoose/lib/connection.js:1111:11)\n    at async connectDB (/home/identitynull/Documents/IT/Future/presention-bot/backend/services/dbService.js:17:5) {\n  errorLabelSet: Set(0) {},\n  reason: TopologyDescription {\n    type: 'ReplicaSetNoPrimary',\n    servers: Map(3) {\n      'ac-ukje2gy-shard-00-01.dzv3ken.mongodb.net:27017' => [ServerDescription],\n      'ac-ukje2gy-shard-00-02.dzv3ken.mongodb.net:27017' => [ServerDescription],\n      'ac-ukje2gy-shard-00-00.dzv3ken.mongodb.net:27017' => [ServerDescription]\n    },\n    stale: false,\n    compatible: true,\n    heartbeatFrequencyMS: 10000,\n    localThresholdMS: 15,\n    setName: 'atlas-d7s77s-shard-0',\n    maxElectionId: null,\n    maxSetVersion: null,\n    commonWireVersion: 0,\n    logicalSessionTimeoutMinutes: null\n  },\n  code: undefined,\n  cause: TopologyDescription {\n    type: 'ReplicaSetNoPrimary',\n    servers: Map(3) {\n      'ac-ukje2gy-shard-00-01.dzv3ken.mongodb.net:27017' => [ServerDescription],\n      'ac-ukje2gy-shard-00-02.dzv3ken.mongodb.net:27017' => [ServerDescription],\n      'ac-ukje2gy-shard-00-00.dzv3ken.mongodb.net:27017' => [ServerDescription]\n    },\n    stale: false,\n    compatible: true,\n    heartbeatFrequencyMS: 10000,\n    localThresholdMS: 15,\n    setName: 'atlas-d7s77s-shard-0',\n    maxElectionId: null,\n    maxSetVersion: null,\n    commonWireVersion: 0,\n    logicalSessionTimeoutMinutes: null\n  }\n}","timestamp":"2026-06-15 16:17:35"}
{"level":"info","message":"Backend API server running on port 5001","timestamp":"2026-06-15 16:19:03"}
{"level":"error","message":"Error configuring Cloudinary: MongooseError: Operation `settings.find()` buffering timed out after 10000ms\n    at Timeout._onTimeout (/home/identitynull/Documents/IT/Future/presention-bot/backend/node_modules/mongoose/lib/drivers/node-mongodb-native/collection.js:142:25)\n    at listOnTimeout (node:internal/timers:588:17)\n    at process.processTimers (node:internal/timers:523:7)","timestamp":"2026-06-15 16:19:13"}
{"level":"info","message":"Shutting down server gracefully...","timestamp":"2026-06-15 16:19:16"}
{"level":"info","message":"Backend API server running on port 5001","timestamp":"2026-06-15 16:19:17"}
{"level":"error","message":"Error configuring Cloudinary: MongooseError: Operation `settings.find()` buffering timed out after 10000ms\n    at Timeout._onTimeout (/home/identitynull/Documents/IT/Future/presention-bot/backend/node_modules/mongoose/lib/drivers/node-mongodb-native/collection.js:142:25)\n    at listOnTimeout (node:internal/timers:588:17)\n    at process.processTimers (node:internal/timers:523:7)","timestamp":"2026-06-15 16:19:27"}
{"level":"info","message":"Shutting down server gracefully...","timestamp":"2026-06-15 16:19:40"}
{"level":"info","message":"Backend API server running on port 5001","timestamp":"2026-06-15 16:19:41"}
{"level":"error","message":"Failed to launch Telegram Bot: FetchError: request to https://api.telegram.org/bot8906906780:[REDACTED]/getMe failed, reason: \n    at ClientRequest.<anonymous> (/home/identitynull/Documents/IT/Future/presention-bot/backend/node_modules/node-fetch/lib/index.js:1501:11)\n    at ClientRequest.emit (node:events:518:28)\n    at emitErrorEvent (node:_http_client:104:11)\n    at TLSSocket.socketErrorListener (node:_http_client:518:5)\n    at TLSSocket.emit (node:events:518:28)\n    at emitErrorNT (node:internal/streams/destroy:170:8)\n    at emitErrorCloseNT (node:internal/streams/destroy:129:3)\n    at process.processTicksAndRejections (node:internal/process/task_queues:90:21) {\n  type: 'system',\n  errno: 'ETIMEDOUT',\n  code: 'ETIMEDOUT'\n}","timestamp":"2026-06-15 16:19:42"}
{"level":"info","message":"MongoDB connected successfully via Mongoose!","timestamp":"2026-06-15 16:19:46"}
{"level":"warn","message":"Cloudinary environment keys are missing. Uploads will fall back to local data URIs.","timestamp":"2026-06-15 16:19:50"}
{"level":"info","message":"Backend API server running on port 5001","timestamp":"2026-06-15 16:23:23"}
{"level":"error","message":"Error configuring Cloudinary: MongooseError: Operation `settings.find()` buffering timed out after 10000ms\n    at Timeout._onTimeout (/home/identitynull/Documents/IT/Future/presention-bot/backend/node_modules/mongoose/lib/drivers/node-mongodb-native/collection.js:142:25)\n    at listOnTimeout (node:internal/timers:588:17)\n    at process.processTimers (node:internal/timers:523:7)","timestamp":"2026-06-15 16:23:33"}
{"level":"error","message":"User middleware error: MongooseError: Operation `users.findOne()` buffering timed out after 10000ms\n    at Timeout._onTimeout (/home/identitynull/Documents/IT/Future/presention-bot/backend/node_modules/mongoose/lib/drivers/node-mongodb-native/collection.js:142:25)\n    at listOnTimeout (node:internal/timers:588:17)\n    at process.processTimers (node:internal/timers:523:7)","timestamp":"2026-06-15 16:23:34"}
{"level":"error","message":"User middleware error: MongooseError: Operation `users.findOne()` buffering timed out after 10000ms\n    at Timeout._onTimeout (/home/identitynull/Documents/IT/Future/presention-bot/backend/node_modules/mongoose/lib/drivers/node-mongodb-native/collection.js:142:25)\n    at listOnTimeout (node:internal/timers:588:17)\n    at process.processTimers (node:internal/timers:523:7)","timestamp":"2026-06-15 16:23:34"}
{"level":"error","message":"User middleware error: MongooseError: Operation `users.findOne()` buffering timed out after 10000ms\n    at Timeout._onTimeout (/home/identitynull/Documents/IT/Future/presention-bot/backend/node_modules/mongoose/lib/drivers/node-mongodb-native/collection.js:142:25)\n    at listOnTimeout (node:internal/timers:588:17)\n    at process.processTimers (node:internal/timers:523:7)","timestamp":"2026-06-15 16:23:34"}
{"level":"error","message":"User middleware error: MongooseError: Operation `users.findOne()` buffering timed out after 10000ms\n    at Timeout._onTimeout (/home/identitynull/Documents/IT/Future/presention-bot/backend/node_modules/mongoose/lib/drivers/node-mongodb-native/collection.js:142:25)\n    at listOnTimeout (node:internal/timers:588:17)\n    at process.processTimers (node:internal/timers:523:7)","timestamp":"2026-06-15 16:23:34"}
{"level":"error","message":"User middleware error: MongooseError: Operation `users.findOne()` buffering timed out after 10000ms\n    at Timeout._onTimeout (/home/identitynull/Documents/IT/Future/presention-bot/backend/node_modules/mongoose/lib/drivers/node-mongodb-native/collection.js:142:25)\n    at listOnTimeout (node:internal/timers:588:17)\n    at process.processTimers (node:internal/timers:523:7)","timestamp":"2026-06-15 16:23:34"}
{"level":"error","message":"User middleware error: MongooseError: Operation `users.findOne()` buffering timed out after 10000ms\n    at Timeout._onTimeout (/home/identitynull/Documents/IT/Future/presention-bot/backend/node_modules/mongoose/lib/drivers/node-mongodb-native/collection.js:142:25)\n    at listOnTimeout (node:internal/timers:588:17)\n    at process.processTimers (node:internal/timers:523:7)","timestamp":"2026-06-15 16:23:34"}
{"level":"info","message":"Backend API server running on port 5001","timestamp":"2026-06-15 16:25:43"}
{"level":"warn","message":"Telegram Bot launch attempt 1/5 failed (ETIMEDOUT). Retrying in 3s…","timestamp":"2026-06-15 16:25:44"}
{"level":"warn","message":"Telegram Bot launch attempt 2/5 failed (ETIMEDOUT). Retrying in 6s…","timestamp":"2026-06-15 16:25:47"}
{"level":"info","message":"MongoDB connected successfully via Mongoose!","timestamp":"2026-06-15 16:25:52"}
{"level":"warn","message":"Telegram Bot launch attempt 3/5 failed (ETIMEDOUT). Retrying in 12s…","timestamp":"2026-06-15 16:25:53"}
{"level":"warn","message":"Cloudinary environment keys are missing. Uploads will fall back to local data URIs.","timestamp":"2026-06-15 16:25:58"}
{"level":"warn","message":"Telegram Bot launch attempt 4/5 failed (ETIMEDOUT). Retrying in 24s…","timestamp":"2026-06-15 16:26:05"}
{"level":"info","message":"Backend API server running on port 5001","timestamp":"2026-06-15 16:27:12"}
{"level":"warn","message":"Telegram Bot launch attempt 1/5 failed (ETIMEDOUT). Retrying in 3s…","timestamp":"2026-06-15 16:27:13"}
{"level":"warn","message":"Telegram Bot launch attempt 2/5 failed (ETIMEDOUT). Retrying in 6s…","timestamp":"2026-06-15 16:27:16"}
{"level":"info","message":"MongoDB connected successfully via Mongoose!","timestamp":"2026-06-15 16:27:21"}
{"level":"warn","message":"Telegram Bot launch attempt 3/5 failed (ETIMEDOUT). Retrying in 12s…","timestamp":"2026-06-15 16:27:22"}
{"level":"warn","message":"Cloudinary environment keys are missing. Uploads will fall back to local data URIs.","timestamp":"2026-06-15 16:27:28"}
{"level":"warn","message":"Telegram Bot launch attempt 4/5 failed (ETIMEDOUT). Retrying in 24s…","timestamp":"2026-06-15 16:27:34"}
{"level":"error","message":"Failed to launch Telegram Bot after 5 attempts. The bot will NOT be available. Last error: request to https://api.telegram.org/bot8906906780:[REDACTED]/getMe failed, reason: ","timestamp":"2026-06-15 16:27:59"}
{"level":"info","message":"Backend API server running on port 5001","timestamp":"2026-06-15 16:29:18"}
{"level":"warn","message":"Telegram Bot launch attempt 1/5 failed (ETIMEDOUT). Retrying in 3s…","timestamp":"2026-06-15 16:29:24"}
{"level":"error","message":"Error configuring Cloudinary: MongooseError: Operation `settings.find()` buffering timed out after 10000ms\n    at Timeout._onTimeout (/home/identitynull/Documents/IT/Future/presention-bot/backend/node_modules/mongoose/lib/drivers/node-mongodb-native/collection.js:142:25)\n    at listOnTimeout (node:internal/timers:588:17)\n    at process.processTimers (node:internal/timers:523:7)","timestamp":"2026-06-15 16:29:29"}
{"level":"info","message":"MongoDB connected successfully via Mongoose!","timestamp":"2026-06-15 16:29:38"}
{"level":"info","message":"Backend API server running on port 5001","timestamp":"2026-06-15 16:29:41"}
{"level":"warn","message":"Telegram Bot launch attempt 1/5 failed (ETIMEDOUT). Retrying in 3s…","timestamp":"2026-06-15 16:29:41"}
{"level":"warn","message":"Telegram Bot launch attempt 2/5 failed (ETIMEDOUT). Retrying in 6s…","timestamp":"2026-06-15 16:29:45"}
{"level":"info","message":"MongoDB connected successfully via Mongoose!","timestamp":"2026-06-15 16:29:50"}
{"level":"info","message":"Backend API server running on port 5001","timestamp":"2026-06-15 16:30:03"}
{"level":"warn","message":"Telegram Bot launch attempt 1 failed (ETIMEDOUT). Retrying in 3s…","timestamp":"2026-06-15 16:30:03"}
{"level":"warn","message":"Telegram Bot launch attempt 2 failed (ETIMEDOUT). Retrying in 6s…","timestamp":"2026-06-15 16:30:06"}
{"level":"info","message":"MongoDB connected successfully via Mongoose!","timestamp":"2026-06-15 16:30:12"}
{"level":"warn","message":"Telegram Bot launch attempt 3 failed (ETIMEDOUT). Retrying in 12s…","timestamp":"2026-06-15 16:30:13"}
{"level":"warn","message":"Cloudinary environment keys are missing. Uploads will fall back to local data URIs.","timestamp":"2026-06-15 16:30:15"}
{"level":"warn","message":"Telegram Bot launch attempt 4 failed (ETIMEDOUT). Retrying in 24s…","timestamp":"2026-06-15 16:30:25"}
{"level":"info","message":"Backend API server running on port 5001","timestamp":"2026-06-15 16:32:27"}
{"level":"error","message":"Uncaught Exception: listen EADDRINUSE: address already in use :::5001","timestamp":"2026-06-15 16:32:27"}
{"level":"warn","message":"Telegram Bot launch attempt 1 failed (ETIMEDOUT). Retrying in 3s…","timestamp":"2026-06-15 16:32:27"}
{"level":"warn","message":"Telegram Bot launch attempt 2 failed (ETIMEDOUT). Retrying in 6s…","timestamp":"2026-06-15 16:32:31"}
{"level":"error","message":"Error configuring Cloudinary: MongooseError: Operation `settings.find()` buffering timed out after 10000ms\n    at Timeout._onTimeout (/home/identitynull/Documents/IT/Future/presention-bot/backend/node_modules/mongoose/lib/drivers/node-mongodb-native/collection.js:142:25)\n    at listOnTimeout (node:internal/timers:588:17)\n    at process.processTimers (node:internal/timers:523:7)","timestamp":"2026-06-15 16:32:37"}
{"level":"warn","message":"Telegram Bot launch attempt 3 failed (ETIMEDOUT). Retrying in 12s…","timestamp":"2026-06-15 16:32:37"}
{"level":"error","message":"Error configuring Cloudinary: MongooseError: Operation `settings.find()` buffering timed out after 10000ms\n    at Timeout._onTimeout (/home/identitynull/Documents/IT/Future/presention-bot/backend/node_modules/mongoose/lib/drivers/node-mongodb-native/collection.js:142:25)\n    at listOnTimeout (node:internal/timers:588:17)\n    at process.processTimers (node:internal/timers:523:7)","timestamp":"2026-06-15 16:32:37"}
{"level":"info","message":"MongoDB connected successfully via Mongoose!","timestamp":"2026-06-15 16:32:38"}
{"level":"info","message":"MongoDB connected successfully via Mongoose!","timestamp":"2026-06-15 16:32:40"}
{"level":"error","message":"Unhandled Rejection: 400: Bad Request: inline keyboard button URL 'http://localhost:5173' is invalid: Wrong HTTP URL","timestamp":"2026-06-15 16:32:45"}
{"level":"error","message":"Unhandled Rejection: request to https://api.telegram.org/bot8906906780:[REDACTED]/sendMessage failed, reason: ","timestamp":"2026-06-15 16:32:46"}
{"level":"error","message":"Unhandled Rejection: 400: Bad Request: inline keyboard button URL 'http://localhost:5173' is invalid: Wrong HTTP URL","timestamp":"2026-06-15 16:32:46"}
{"level":"error","message":"Unhandled Rejection: 400: Bad Request: inline keyboard button URL 'http://localhost:5173' is invalid: Wrong HTTP URL","timestamp":"2026-06-15 16:32:46"}
{"level":"error","message":"Unhandled Rejection: 400: Bad Request: inline keyboard button URL 'http://localhost:5173' is invalid: Wrong HTTP URL","timestamp":"2026-06-15 16:32:47"}
{"level":"error","message":"Unhandled Rejection: 400: Bad Request: inline keyboard button URL 'http://localhost:5173' is invalid: Wrong HTTP URL","timestamp":"2026-06-15 16:32:47"}
{"level":"warn","message":"Telegram Bot launch attempt 4 failed (ETIMEDOUT). Retrying in 24s…","timestamp":"2026-06-15 16:32:49"}
{"level":"warn","message":"Telegram Bot launch attempt 5 failed (ETIMEDOUT). Retrying in 48s…","timestamp":"2026-06-15 16:33:13"}
{"level":"warn","message":"Telegram Bot launch attempt 6 failed (ETIMEDOUT). Retrying in 60s…","timestamp":"2026-06-15 16:34:02"}
{"level":"warn","message":"Telegram Bot launch attempt 7 failed (ETIMEDOUT). Retrying in 60s…","timestamp":"2026-06-15 16:35:02"}
{"level":"info","message":"Shutting down server gracefully...","timestamp":"2026-06-15 16:35:39"}
{"level":"error","message":"Uncaught Exception: listen EADDRINUSE: address already in use :::5001","timestamp":"2026-06-15 16:35:48"}
{"level":"info","message":"MongoDB connected successfully via Mongoose!","timestamp":"2026-06-15 16:35:52"}
{"level":"warn","message":"Cloudinary environment keys are missing. Uploads will fall back to local data URIs.","timestamp":"2026-06-15 16:35:54"}
{"level":"info","message":"Shutting down server gracefully...","timestamp":"2026-06-15 16:35:59"}
{"level":"info","message":"Backend API server running on port 6565","timestamp":"2026-06-15 16:36:13"}
{"level":"warn","message":"Telegram Bot launch attempt 1 failed (ETIMEDOUT). Retrying in 3s…","timestamp":"2026-06-15 16:36:14"}
{"level":"info","message":"MongoDB connected successfully via Mongoose!","timestamp":"2026-06-15 16:36:16"}
{"level":"warn","message":"Telegram Bot launch attempt 2 failed (ETIMEDOUT). Retrying in 6s…","timestamp":"2026-06-15 16:36:17"}
{"level":"warn","message":"Cloudinary environment keys are missing. Uploads will fall back to local data URIs.","timestamp":"2026-06-15 16:36:18"}
{"level":"warn","message":"Telegram Bot launch attempt 8 failed (409). Retrying in 60s…","timestamp":"2026-06-15 16:36:25"}
{"level":"warn","message":"Telegram Bot launch attempt 9 failed (ETIMEDOUT). Retrying in 60s…","timestamp":"2026-06-15 16:37:25"}
{"level":"info","message":"Shutting down server gracefully...","timestamp":"2026-06-15 16:37:34"}
{"level":"info","message":"Backend API server running on port 6565","timestamp":"2026-06-15 16:37:55"}
{"level":"error","message":"Failed to launch Telegram Bot: FetchError: request to https://api.telegram.org/bot8906906780:[REDACTED]/getMe failed, reason: \n    at ClientRequest.<anonymous> (/home/identitynull/Documents/IT/Future/presention-bot/backend/node_modules/node-fetch/lib/index.js:1501:11)\n    at ClientRequest.emit (node:events:518:28)\n    at emitErrorEvent (node:_http_client:104:11)\n    at TLSSocket.socketErrorListener (node:_http_client:518:5)\n    at TLSSocket.emit (node:events:518:28)\n    at emitErrorNT (node:internal/streams/destroy:170:8)\n    at emitErrorCloseNT (node:internal/streams/destroy:129:3)\n    at process.processTicksAndRejections (node:internal/process/task_queues:90:21) {\n  type: 'system',\n  errno: 'ETIMEDOUT',\n  code: 'ETIMEDOUT'\n}","timestamp":"2026-06-15 16:37:56"}
{"level":"info","message":"MongoDB connected successfully via Mongoose!","timestamp":"2026-06-15 16:38:00"}
{"level":"warn","message":"Cloudinary environment keys are missing. Uploads will fall back to local data URIs.","timestamp":"2026-06-15 16:38:04"}
{"level":"info","message":"Backend API server running on port 6565","timestamp":"2026-06-15 16:41:25"}
{"level":"error","message":"Failed to launch Telegram Bot: FetchError: request to https://api.telegram.org/bot8906906780:[REDACTED]/getMe failed, reason: \n    at ClientRequest.<anonymous> (/home/identitynull/Documents/IT/Future/presention-bot/backend/node_modules/node-fetch/lib/index.js:1501:11)\n    at ClientRequest.emit (node:events:518:28)\n    at emitErrorEvent (node:_http_client:104:11)\n    at TLSSocket.socketErrorListener (node:_http_client:518:5)\n    at TLSSocket.emit (node:events:518:28)\n    at emitErrorNT (node:internal/streams/destroy:170:8)\n    at emitErrorCloseNT (node:internal/streams/destroy:129:3)\n    at process.processTicksAndRejections (node:internal/process/task_queues:90:21) {\n  type: 'system',\n  errno: 'ETIMEDOUT',\n  code: 'ETIMEDOUT'\n}","timestamp":"2026-06-15 16:41:25"}
{"level":"info","message":"Shutting down server gracefully...","timestamp":"2026-06-15 16:41:25"}
{"level":"info","message":"Backend API server running on port 6565","timestamp":"2026-06-15 16:41:33"}
{"level":"error","message":"Failed to launch Telegram Bot: FetchError: request to https://api.telegram.org/bot8906906780:[REDACTED]/getMe failed, reason: \n    at ClientRequest.<anonymous> (/home/identitynull/Documents/IT/Future/presention-bot/backend/node_modules/node-fetch/lib/index.js:1501:11)\n    at ClientRequest.emit (node:events:518:28)\n    at emitErrorEvent (node:_http_client:104:11)\n    at TLSSocket.socketErrorListener (node:_http_client:518:5)\n    at TLSSocket.emit (node:events:518:28)\n    at emitErrorNT (node:internal/streams/destroy:170:8)\n    at emitErrorCloseNT (node:internal/streams/destroy:129:3)\n    at process.processTicksAndRejections (node:internal/process/task_queues:90:21) {\n  type: 'system',\n  errno: 'ETIMEDOUT',\n  code: 'ETIMEDOUT'\n}","timestamp":"2026-06-15 16:41:33"}
{"level":"info","message":"MongoDB connected successfully via Mongoose!","timestamp":"2026-06-15 16:41:37"}
{"level":"warn","message":"Cloudinary environment keys are missing. Uploads will fall back to local data URIs.","timestamp":"2026-06-15 16:41:41"}
{"level":"info","message":"Shutting down server gracefully...","timestamp":"2026-06-15 16:41:42"}
{"level":"info","message":"Backend API server running on port 6565","timestamp":"2026-06-15 16:44:15"}
{"level":"info","message":"MongoDB connected successfully via Mongoose!","timestamp":"2026-06-15 16:44:18"}
{"level":"error","message":"Failed to launch Telegram Bot: TelegramError: 401: Unauthorized\n    at Telegram.callApi (/home/identitynull/Documents/IT/Future/presention-bot/backend/node_modules/telegraf/lib/core/network/client.js:315:19)\n    at process.processTicksAndRejections (node:internal/process/task_queues:105:5)\n    at async Telegraf.launch (/home/identitynull/Documents/IT/Future/presention-bot/backend/node_modules/telegraf/lib/telegraf.js:188:78)\n    at async /home/identitynull/Documents/IT/Future/presention-bot/backend/server.js:76:7 {\n  response: { ok: false, error_code: 401, description: 'Unauthorized' },\n  on: { method: 'getMe', payload: {} }\n}","timestamp":"2026-06-15 16:44:18"}
{"level":"warn","message":"Cloudinary environment keys are missing. Uploads will fall back to local data URIs.","timestamp":"2026-06-15 16:44:23"}
{"level":"info","message":"Shutting down server gracefully...","timestamp":"2026-06-15 16:46:27"}
{"level":"info","message":"Backend API server running on port 6565","timestamp":"2026-06-15 16:46:28"}
{"level":"error","message":"Failed to launch Telegram Bot: FetchError: request to https://api.telegram.org/bot8906906780:[REDACTED]/getMe failed, reason: \n    at ClientRequest.<anonymous> (/home/identitynull/Documents/IT/Future/presention-bot/backend/node_modules/node-fetch/lib/index.js:1501:11)\n    at ClientRequest.emit (node:events:518:28)\n    at emitErrorEvent (node:_http_client:104:11)\n    at TLSSocket.socketErrorListener (node:_http_client:518:5)\n    at TLSSocket.emit (node:events:518:28)\n    at emitErrorNT (node:internal/streams/destroy:170:8)\n    at emitErrorCloseNT (node:internal/streams/destroy:129:3)\n    at process.processTicksAndRejections (node:internal/process/task_queues:90:21) {\n  type: 'system',\n  errno: 'ETIMEDOUT',\n  code: 'ETIMEDOUT'\n}","timestamp":"2026-06-15 16:46:30"}
{"level":"info","message":"MongoDB connected successfully via Mongoose!","timestamp":"2026-06-15 16:46:34"}
{"level":"warn","message":"Cloudinary environment keys are missing. Uploads will fall back to local data URIs.","timestamp":"2026-06-15 16:46:39"}
{"level":"info","message":"Shutting down server gracefully...","timestamp":"2026-06-15 16:47:55"}
{"level":"info","message":"Backend API server running on port 6565","timestamp":"2026-06-15 16:48:49"}
{"level":"error","message":"Failed to launch Telegram Bot: FetchError: request to https://api.telegram.org/bot8906906780:[REDACTED]/getMe failed, reason: \n    at ClientRequest.<anonymous> (/home/identitynull/Documents/IT/Future/presention-bot/backend/node_modules/node-fetch/lib/index.js:1501:11)\n    at ClientRequest.emit (node:events:518:28)\n    at emitErrorEvent (node:_http_client:104:11)\n    at TLSSocket.socketErrorListener (node:_http_client:518:5)\n    at TLSSocket.emit (node:events:518:28)\n    at emitErrorNT (node:internal/streams/destroy:170:8)\n    at emitErrorCloseNT (node:internal/streams/destroy:129:3)\n    at process.processTicksAndRejections (node:internal/process/task_queues:90:21) {\n  type: 'system',\n  errno: 'ETIMEDOUT',\n  code: 'ETIMEDOUT'\n}","timestamp":"2026-06-15 16:48:50"}
{"level":"info","message":"MongoDB connected successfully via Mongoose!","timestamp":"2026-06-15 16:48:55"}
{"level":"warn","message":"Cloudinary environment keys are missing. Uploads will fall back to local data URIs.","timestamp":"2026-06-15 16:48:59"}
{"level":"info","message":"Backend API server running on port 6565","timestamp":"2026-06-15 16:52:52"}
{"level":"error","message":"Failed to launch Telegram Bot: FetchError: request to https://api.telegram.org/bot8906906780:[REDACTED]/getMe failed, reason: \n    at ClientRequest.<anonymous> (/home/identitynull/Documents/IT/Future/presention-bot/backend/node_modules/node-fetch/lib/index.js:1501:11)\n    at ClientRequest.emit (node:events:518:28)\n    at emitErrorEvent (node:_http_client:104:11)\n    at TLSSocket.socketErrorListener (node:_http_client:518:5)\n    at TLSSocket.emit (node:events:518:28)\n    at emitErrorNT (node:internal/streams/destroy:170:8)\n    at emitErrorCloseNT (node:internal/streams/destroy:129:3)\n    at process.processTicksAndRejections (node:internal/process/task_queues:90:21) {\n  type: 'system',\n  errno: 'ETIMEDOUT',\n  code: 'ETIMEDOUT'\n}","timestamp":"2026-06-15 16:52:53"}
{"level":"info","message":"Shutting down server gracefully...","timestamp":"2026-06-15 16:52:54"}
{"level":"info","message":"Backend API server running on port 6565","timestamp":"2026-06-15 16:52:56"}
{"level":"error","message":"Failed to launch Telegram Bot: FetchError: request to https://api.telegram.org/bot8906906780:[REDACTED]/getMe failed, reason: \n    at ClientRequest.<anonymous> (/home/identitynull/Documents/IT/Future/presention-bot/backend/node_modules/node-fetch/lib/index.js:1501:11)\n    at ClientRequest.emit (node:events:518:28)\n    at emitErrorEvent (node:_http_client:104:11)\n    at TLSSocket.socketErrorListener (node:_http_client:518:5)\n    at TLSSocket.emit (node:events:518:28)\n    at emitErrorNT (node:internal/streams/destroy:170:8)\n    at emitErrorCloseNT (node:internal/streams/destroy:129:3)\n    at process.processTicksAndRejections (node:internal/process/task_queues:90:21) {\n  type: 'system',\n  errno: 'ETIMEDOUT',\n  code: 'ETIMEDOUT'\n}","timestamp":"2026-06-15 16:52:57"}
{"level":"info","message":"MongoDB connected successfully via Mongoose!","timestamp":"2026-06-15 16:53:00"}
{"level":"warn","message":"Cloudinary environment keys are missing. Uploads will fall back to local data URIs.","timestamp":"2026-06-15 16:53:02"}
{"level":"info","message":"Backend API server running on port 6565","timestamp":"2026-06-15 16:54:00"}
{"level":"info","message":"MongoDB connected successfully via Mongoose!","timestamp":"2026-06-15 16:54:05"}
{"level":"warn","message":"Cloudinary environment keys are missing. Uploads will fall back to local data URIs.","timestamp":"2026-06-15 16:54:07"}
{"level":"info","message":"Backend API server running on port 6565","timestamp":"2026-06-15 16:56:34"}
{"level":"error","message":"Failed to launch Telegram Bot: FetchError: request to https://api.telegram.org/bot8906906780:[REDACTED]/getMe failed, reason: \n    at ClientRequest.<anonymous> (/home/identitynull/Documents/IT/Future/presention-bot/backend/node_modules/node-fetch/lib/index.js:1501:11)\n    at ClientRequest.emit (node:events:518:28)\n    at emitErrorEvent (node:_http_client:104:11)\n    at TLSSocket.socketErrorListener (node:_http_client:518:5)\n    at TLSSocket.emit (node:events:518:28)\n    at emitErrorNT (node:internal/streams/destroy:170:8)\n    at emitErrorCloseNT (node:internal/streams/destroy:129:3)\n    at process.processTicksAndRejections (node:internal/process/task_queues:90:21) {\n  type: 'system',\n  errno: 'ETIMEDOUT',\n  code: 'ETIMEDOUT'\n}","timestamp":"2026-06-15 16:56:35"}
{"level":"info","message":"MongoDB connected successfully via Mongoose!","timestamp":"2026-06-15 16:56:38"}
{"level":"warn","message":"Cloudinary environment keys are missing. Uploads will fall back to local data URIs.","timestamp":"2026-06-15 16:56:42"}
{"level":"info","message":"Backend API server running on port 6565","timestamp":"2026-06-15 16:56:46"}
{"level":"info","message":"Telegram Bot launched successfully.","timestamp":"2026-06-15 16:56:47"}
{"level":"info","message":"MongoDB connected successfully via Mongoose!","timestamp":"2026-06-15 16:56:50"}
{"level":"warn","message":"Cloudinary environment keys are missing. Uploads will fall back to local data URIs.","timestamp":"2026-06-15 16:56:57"}
{"level":"info","message":"Shutting down server gracefully...","timestamp":"2026-06-15 16:56:58"}
{"level":"info","message":"Backend API server running on port 6565","timestamp":"2026-06-15 16:57:01"}
{"level":"info","message":"Telegram Bot launched successfully.","timestamp":"2026-06-15 16:57:01"}
{"level":"info","message":"Backend API server running on port 6565","timestamp":"2026-06-15 17:02:33"}
{"level":"info","message":"Telegram Bot launched successfully.","timestamp":"2026-06-15 17:02:34"}
{"level":"info","message":"Backend API server running on port 6565","timestamp":"2026-06-15 17:07:00"}
{"level":"info","message":"Telegram Bot launched successfully.","timestamp":"2026-06-15 17:07:01"}
{"level":"info","message":"MongoDB connected successfully via Mongoose!","timestamp":"2026-06-15 17:07:03"}
{"level":"info","message":"New user registered: IdentityNull","timestamp":"2026-06-15 17:07:06"}
{"level":"error","message":"Failed to log system event to Analytics collection: ValidationError: Analytics validation failed: type: `user_registration` is not a valid enum value for path `type`.\n    at model.validate (/home/identitynull/Documents/IT/Future/presention-bot/backend/node_modules/mongoose/lib/document.js:2864:36)\n    at process.processTicksAndRejections (node:internal/process/task_queues:105:5)\n    at async model.$__save (/home/identitynull/Documents/IT/Future/presention-bot/backend/node_modules/mongoose/lib/model.js:398:7)\n    at async maybeTracedSave (/home/identitynull/Documents/IT/Future/presention-bot/backend/node_modules/mongoose/lib/model.js:674:7)\n    at async Function.create (/home/identitynull/Documents/IT/Future/presention-bot/backend/node_modules/mongoose/lib/model.js:2762:5)\n    at async logSystemEvent (/home/identitynull/Documents/IT/Future/presention-bot/backend/services/dbService.js:28:5)\n    at async /home/identitynull/Documents/IT/Future/presention-bot/backend/services/botService.js:44:9\n    at async execute (/home/identitynull/Documents/IT/Future/presention-bot/backend/node_modules/telegraf/lib/composer.js:518:17)\n    at async /home/identitynull/Documents/IT/Future/presention-bot/backend/node_modules/telegraf/lib/composer.js:519:21\n    at async execute (/home/identitynull/Documents/IT/Future/presention-bot/backend/node_modules/telegraf/lib/composer.js:518:17) {\n  errors: {\n    type: ValidatorError: `user_registration` is not a valid enum value for path `type`.\n        at SchemaString.doValidate (/home/identitynull/Documents/IT/Future/presention-bot/backend/node_modules/mongoose/lib/schemaType.js:1515:13)\n        at model.validate (/home/identitynull/Documents/IT/Future/presention-bot/backend/node_modules/mongoose/lib/document.js:2842:20)\n        at process.processTicksAndRejections (node:internal/process/task_queues:105:5)\n        at async model.$__save (/home/identitynull/Documents/IT/Future/presention-bot/backend/node_modules/mongoose/lib/model.js:398:7)\n        at async maybeTracedSave (/home/identitynull/Documents/IT/Future/presention-bot/backend/node_modules/mongoose/lib/model.js:674:7)\n        at async Function.create (/home/identitynull/Documents/IT/Future/presention-bot/backend/node_modules/mongoose/lib/model.js:2762:5)\n        at async logSystemEvent (/home/identitynull/Documents/IT/Future/presention-bot/backend/services/dbService.js:28:5)\n        at async /home/identitynull/Documents/IT/Future/presention-bot/backend/services/botService.js:44:9\n        at async execute (/home/identitynull/Documents/IT/Future/presention-bot/backend/node_modules/telegraf/lib/composer.js:518:17)\n        at async /home/identitynull/Documents/IT/Future/presention-bot/backend/node_modules/telegraf/lib/composer.js:519:21 {\n      properties: [Object],\n      kind: 'enum',\n      path: 'type',\n      value: 'user_registration',\n      reason: undefined,\n      [Symbol(mongoose#validatorError)]: true\n    }\n  },\n  _message: 'Analytics validation failed'\n}","timestamp":"2026-06-15 17:07:06"}
{"level":"info","message":"Backend API server running on port 6565","timestamp":"2026-06-15 17:09:31"}
{"level":"info","message":"Telegram Bot launched successfully.","timestamp":"2026-06-15 17:09:32"}
{"level":"info","message":"Backend API server running on port 6565","timestamp":"2026-06-15 17:10:15"}
{"level":"info","message":"Telegram Bot launched successfully.","timestamp":"2026-06-15 17:10:15"}
{"level":"info","message":"MongoDB connected successfully via Mongoose!","timestamp":"2026-06-15 17:10:18"}
{"level":"info","message":"Backend API server running on port 6565","timestamp":"2026-06-15 17:10:28"}
{"level":"info","message":"Telegram Bot launched successfully.","timestamp":"2026-06-15 17:10:29"}
{"level":"info","message":"MongoDB connected successfully via Mongoose!","timestamp":"2026-06-15 17:10:31"}
{"level":"warn","message":"Cloudinary environment keys are missing. Uploads will fall back to local data URIs.","timestamp":"2026-06-15 17:10:32"}
{"level":"info","message":"Backend API server running on port 6565","timestamp":"2026-06-15 17:10:50"}
{"level":"info","message":"Telegram Bot launched successfully.","timestamp":"2026-06-15 17:10:51"}
{"level":"info","message":"MongoDB connected successfully via Mongoose!","timestamp":"2026-06-15 17:10:53"}
{"level":"warn","message":"Cloudinary environment keys are missing. Uploads will fall back to local data URIs.","timestamp":"2026-06-15 17:10:56"}
{"level":"info","message":"Backend API server running on port 6565","timestamp":"2026-06-15 17:19:34"}
{"level":"info","message":"Telegram Bot launched successfully.","timestamp":"2026-06-15 17:19:34"}
{"level":"info","message":"MongoDB connected successfully via Mongoose!","timestamp":"2026-06-15 17:19:36"}
{"level":"error","message":"Telegraf error for update 436005770: FetchError: request to https://api.telegram.org/bot8906906780:[REDACTED]/sendMessage failed, reason: \n    at ClientRequest.<anonymous> (/home/identitynull/Documents/IT/Future/presention-bot/backend/node_modules/node-fetch/lib/index.js:1501:11)\n    at ClientRequest.emit (node:events:518:28)\n    at emitErrorEvent (node:_http_client:104:11)\n    at TLSSocket.socketErrorListener (node:_http_client:518:5)\n    at TLSSocket.emit (node:events:518:28)\n    at emitErrorNT (node:internal/streams/destroy:170:8)\n    at emitErrorCloseNT (node:internal/streams/destroy:129:3)\n    at process.processTicksAndRejections (node:internal/process/task_queues:90:21) {\n  type: 'system',\n  errno: 'ETIMEDOUT',\n  code: 'ETIMEDOUT'\n}","timestamp":"2026-06-15 17:19:38"}
{"level":"warn","message":"Cloudinary environment keys are missing. Uploads will fall back to local data URIs.","timestamp":"2026-06-15 17:19:39"}
{"level":"info","message":"Backend API server running on port 6565","timestamp":"2026-06-15 17:19:43"}
{"level":"info","message":"Shutting down server gracefully...","timestamp":"2026-06-15 17:19:44"}
{"level":"info","message":"Backend API server running on port 6565","timestamp":"2026-06-15 17:19:46"}
{"level":"info","message":"MongoDB connected successfully via Mongoose!","timestamp":"2026-06-15 17:19:48"}
{"level":"warn","message":"Cloudinary environment keys are missing. Uploads will fall back to local data URIs.","timestamp":"2026-06-15 17:19:51"}
{"level":"info","message":"Backend API server running on port 6565","timestamp":"2026-06-15 17:40:40"}
{"level":"info","message":"MongoDB connected successfully via Mongoose!","timestamp":"2026-06-15 17:40:44"}
{"level":"warn","message":"Cloudinary environment keys are missing. Uploads will fall back to local data URIs.","timestamp":"2026-06-15 17:40:47"}
